   1             -12157.73837 eV
   2             -12158.37669 eV
   3             -12158.64429 eV
   4             -12158.75577 eV
   5             -12158.85393 eV
   6             -12158.91469 eV
   7             -12159.00349 eV
   8             -12159.07050 eV
   9             -12159.15888 eV
  10             -12159.21057 eV
  11             -12159.28462 eV
  12             -12159.36711 eV
  13             -12159.45491 eV
  14             -12159.53675 eV
  15             -12159.63553 eV
  16             -12159.71460 eV
  17             -12159.66126 eV
  18             -12159.74318 eV
  19             -12159.79555 eV
  20             -12159.85251 eV
  21             -12159.89054 eV
  22             -12159.91989 eV
  23             -12159.94364 eV
  24             -12159.95678 eV
  25             -12159.96811 eV
  26             -12159.97925 eV
  27             -12159.98934 eV
  28             -12160.00312 eV
  29             -12160.00879 eV
  30             -12160.01340 eV
  31             -12160.01616 eV
  32             -12160.02393 eV
  33             -12160.04388 eV
  34             -12160.05289 eV
  35             -12160.06379 eV
  36             -12160.06693 eV
  37             -12160.06749 eV
  38             -12160.06901 eV
  39             -12160.06944 eV
  40             -12160.06966 eV
  41             -12160.06931 eV
  42             -12160.06882 eV
  43             -12160.06910 eV
  44             -12160.06853 eV
  45             -12160.06906 eV
  46             -12160.06897 eV
  47             -12160.06974 eV
  48             -12160.07035 eV
  49             -12160.07216 eV
  50             -12160.07326 eV
  51             -12160.07445 eV
  52             -12160.07642 eV
  53             -12160.07743 eV
