     1     -2078.07976882 eV
     2     -2076.41717156 eV
     3     -2074.45346042 eV
     4     -2075.02165741 eV
     5     -2074.81056627 eV
     6     -2074.08528968 eV
     7     -2074.30938322 eV
     8     -2074.30779898 eV
     9     -2074.15898506 eV
    10     -2074.06475902 eV
    11     -2074.26633046 eV
    12     -2074.34780679 eV
    13     -2074.10727990 eV
    14     -2074.25920921 eV
    15     -2074.02126311 eV
    16     -2074.12625314 eV
    17     -2073.73428072 eV
    18     -2074.32593456 eV
    19     -2074.08209932 eV
    20     -2074.33080622 eV
    21     -2074.02660957 eV
    22     -2073.88658701 eV
    23     -2074.32172332 eV
    24     -2074.27649334 eV
    25     -2073.73203132 eV
    26     -2073.90282343 eV
    27     -2074.70172110 eV
    28     -2076.86296463 eV
    29     -2085.58353964 eV
    30     -2077.86563395 eV
    31     -2075.77539150 eV
    32     -2074.16044885 eV
    33     -2074.09604987 eV
    34     -2073.80495145 eV
    35     -2074.00765644 eV
    36     -2074.15602559 eV
    37     -2074.62105751 eV
    38     -2074.48307509 eV
    39     -2074.06159810 eV
    40     -2074.40431564 eV
    41     -2109.69589667 eV
    42     -2079.18793615 eV
    43     -2093.29773930 eV
    44     -2093.91084387 eV
    45     -2092.85383892 eV
    46     -2083.34370317 eV
    47     -2078.61847620 eV
    48     -2079.10543738 eV
    49     -2074.36890110 eV
    50     -2102.73707697 eV
    51     -2084.50305280 eV
    52     -2077.47496236 eV
    53     -2076.20893572 eV
    54     -2075.11099882 eV
    55     -2074.80611692 eV
    56     -2073.81954996 eV
    57     -2075.31810444 eV
    58     -2105.02896849 eV
    59     -2090.51524399 eV
    60     -2090.43480757 eV
    61     -2074.21849870 eV
    62     -2074.36382332 eV
    63     -2074.43178947 eV
    64     -2075.61118329 eV
    65     -2074.25147602 eV
    66     -2074.60005413 eV
    67     -2074.94626075 eV
    68     -2074.50619043 eV
    69     -2074.31298921 eV
    70     -2074.09941862 eV
    71     -2094.13836638 eV
    72     -2094.02304416 eV
    73     -2075.22286830 eV
    74     -2077.00455433 eV
    75     -2074.80546885 eV
    76     -2077.28510742 eV
    77     -2077.91018201 eV
    78     -2079.62302506 eV
    79     -2081.50660189 eV
    80     -2081.82386440 eV
    81     -2087.94136524 eV
    82     -2077.38721814 eV
    83     -2079.87792576 eV
    84     -2078.37190562 eV
    85     -2089.37114540 eV
    86     -2093.25868905 eV
    87     -2082.53392246 eV
    88     -2074.05445865 eV
    89     -2074.93915406 eV
    90     -2074.10233832 eV
    91     -2074.82783355 eV
    92     -2076.99519001 eV
    93     -2077.49597667 eV
    94     -2073.80018695 eV
    95     -2074.87514532 eV
    96     -2074.08267674 eV
    97     -2075.26955058 eV
    98     -2075.31689461 eV
    99     -2075.45208490 eV
   100     -2076.96544599 eV
   101     -2077.46559197 eV
   102     -2077.77677797 eV
   103     -2091.78105273 eV
   104     -2090.59851867 eV
   105     -2088.47350881 eV
   106     -2081.24030741 eV
   107     -2074.85962922 eV
   108     -2083.11184957 eV
   109     -2085.52356031 eV
   110     -2073.87792237 eV
   111     -2076.48152627 eV
   112     -2075.09324557 eV
   113     -2074.22199326 eV
   114     -2073.86142406 eV
   115     -2074.33375761 eV
   116     -2074.80960156 eV
   117     -2074.95485209 eV
   118     -2074.47423729 eV
   119     -2074.54871466 eV
   120     -2076.59283726 eV
   121     -2078.78600513 eV
   122     -2077.23324886 eV
   123     -2077.73433353 eV
   124     -2075.80073875 eV
   125     -2078.06858257 eV
   126     -2077.71350179 eV
   127     -2076.04058346 eV
   128     -2075.07274096 eV
   129     -2074.15496300 eV
   130     -2075.10630891 eV
   131     -2074.61270064 eV
   132     -2074.71231297 eV
   133     -2075.29920037 eV
   134     -2075.46228546 eV
   135     -2073.84741398 eV
   136     -2074.93382053 eV
   137     -2076.00615259 eV
   138     -2089.40840705 eV
   139     -2074.77711774 eV
   140     -2074.04306688 eV
   141     -2077.03629347 eV
   142     -2075.61583909 eV
   143     -2077.45032144 eV
   144     -2075.49191472 eV
   145     -2077.44221888 eV
   146     -2094.28484089 eV
   147     -2081.33140887 eV
   148     -2093.37048318 eV
   149     -2090.62847966 eV
   150     -2092.85587359 eV
   151     -2082.38471193 eV
   152     -2080.50329937 eV
   153     -2074.46710929 eV
   154     -2074.38776031 eV
   155     -2099.66741962 eV
   156     -2077.60225404 eV
   157     -2074.17180649 eV
   158     -2075.26473768 eV
   159     -2075.10690092 eV
   160     -2074.00983719 eV
   161     -2080.96667832 eV
   162     -2078.59798677 eV
   163     -2075.35935149 eV
   164     -2075.78504870 eV
   165     -2075.12969289 eV
   166     -2075.03453415 eV
   167     -2074.82384563 eV
   168     -2075.11563698 eV
   169     -2075.67495400 eV
   170     -2099.55246353 eV
   171     -2083.57654493 eV
   172     -2077.01868792 eV
   173     -2074.13659288 eV
   174     -2074.55831306 eV
   175     -2074.52905053 eV
   176     -2074.55981213 eV
   177     -2074.82101402 eV
   178     -2076.05173429 eV
   179     -2074.05601752 eV
   180     -2074.76483391 eV
   181     -2074.36640323 eV
   182     -2074.61269862 eV
   183     -2089.44411720 eV
   184     -2082.58934985 eV
   185     -2085.77195981 eV
   186     -2075.80575958 eV
   187     -2074.66450208 eV
   188     -2075.26931289 eV
   189     -2079.39087204 eV
   190     -2074.35569169 eV
   191     -2074.40276903 eV
   192     -2075.44667207 eV
   193     -2074.35829791 eV
   194     -2073.90823179 eV
   195     -2073.95601811 eV
   196     -2073.73479636 eV
   197     -2073.73470729 eV
   198     -2073.73518302 eV
   199     -2074.28121793 eV
   200     -2073.79901751 eV
   201     -2074.61348895 eV
   202     -2074.17433203 eV
   203     -2074.08561937 eV
   204     -2074.85091454 eV
   205     -2075.34884439 eV
   206     -2075.90846867 eV
   207     -2083.38111643 eV
   208     -2090.69237247 eV
   209     -2087.73173003 eV
   210     -2086.79231161 eV
   211     -2073.80510246 eV
   212     -2073.85149958 eV
   213     -2074.51605610 eV
   214     -2075.36105700 eV
   215     -2077.75635710 eV
   216     -2076.93320499 eV
   217     -2075.25303127 eV
   218     -2075.07075244 eV
   219     -2075.08398021 eV
   220     -2075.59988644 eV
   221     -2075.42202043 eV
   222     -2099.74372425 eV
   223     -2086.74017124 eV
   224     -2078.57607921 eV
   225     -2074.68492605 eV
   226     -2073.98467204 eV
   227     -2075.18066163 eV
   228     -2074.61202293 eV
   229     -2075.08356325 eV
   230     -2074.53830079 eV
   231     -2077.49779591 eV
   232     -2073.84771859 eV
   233     -2073.87705443 eV
   234     -2074.02417403 eV
   235     -2074.27011080 eV
   236     -2074.30123831 eV
   237     -2074.37546432 eV
   238     -2075.66897137 eV
   239     -2074.09479862 eV
   240     -2074.13823028 eV
   241     -2074.66270478 eV
   242     -2074.46464996 eV
   243     -2074.31916295 eV
   244     -2074.33347119 eV
   245     -2074.30146540 eV
   246     -2074.29066119 eV
   247     -2099.98445376 eV
   248     -2086.34415763 eV
   249     -2077.46841559 eV
   250     -2074.94785948 eV
   251     -2073.89999564 eV
   252     -2075.84795101 eV
   253     -2075.22888621 eV
   254     -2074.50108922 eV
   255     -2075.22950169 eV
   256     -2079.86516925 eV
   257     -2073.91188504 eV
   258     -2074.13317734 eV
   259     -2074.45284333 eV
   260     -2074.37331216 eV
   261     -2090.15821376 eV
   262     -2076.33181673 eV
   263     -2078.04803962 eV
   264     -2076.15881558 eV
   265     -2077.34213190 eV
   266     -2077.02437412 eV
   267     -2077.06822525 eV
   268     -2074.73339295 eV
   269     -2074.41962383 eV
   270     -2099.33595788 eV
   271     -2090.11616716 eV
   272     -2079.66553735 eV
   273     -2075.67564780 eV
   274     -2074.31067631 eV
   275     -2074.52335706 eV
   276     -2073.83870073 eV
   277     -2074.17397249 eV
   278     -2074.50672733 eV
   279     -2093.72163195 eV
   280     -2091.27832595 eV
   281     -2075.64181667 eV
   282     -2075.27219603 eV
   283     -2075.02648136 eV
   284     -2074.51352662 eV
   285     -2074.57019364 eV
   286     -2076.20571627 eV
   287     -2076.99533682 eV
   288     -2074.93242922 eV
   289     -2088.69359526 eV
   290     -2088.06376034 eV
   291     -2088.98149686 eV
   292     -2089.40188569 eV
   293     -2094.51070113 eV
   294     -2094.51031553 eV
   295     -2079.66171568 eV
   296     -2077.69767066 eV
   297     -2074.61508759 eV
   298     -2101.23721866 eV
   299     -2083.45414150 eV
   300     -2077.36162572 eV
   301     -2077.50588545 eV
   302     -2074.20713278 eV
   303     -2077.72337424 eV
   304     -2074.40732161 eV
   305     -2074.03633444 eV
   306     -2091.16814240 eV
   307     -2093.75758481 eV
   308     -2091.10699147 eV
   309     -2078.36153625 eV
   310     -2075.28224575 eV
   311     -2075.37250482 eV
   312     -2076.65835991 eV
   313     -2075.55376205 eV
   314     -2074.69169028 eV
   315     -2099.70078012 eV
   316     -2083.21762453 eV
   317     -2076.25761960 eV
   318     -2076.06712393 eV
   319     -2075.08128769 eV
   320     -2075.03105622 eV
   321     -2074.11795854 eV
   322     -2074.22515584 eV
   323     -2073.96335923 eV
   324     -2073.89122230 eV
   325     -2075.66467380 eV
   326     -2075.38717278 eV
   327     -2074.96291757 eV
   328     -2074.81316512 eV
   329     -2074.81130167 eV
   330     -2074.79356146 eV
   331     -2074.31565568 eV
   332     -2074.06510953 eV
   333     -2074.83589918 eV
   334     -2099.11850469 eV
   335     -2076.89973758 eV
   336     -2075.99566288 eV
   337     -2075.17944389 eV
   338     -2073.93454366 eV
   339     -2073.96225246 eV
   340     -2074.10588831 eV
   341     -2074.45244768 eV
   342     -2074.69220310 eV
   343     -2087.76982156 eV
   344     -2090.15290250 eV
   345     -2073.79367021 eV
   346     -2074.01990412 eV
   347     -2074.19854819 eV
   348     -2073.96393599 eV
   349     -2073.90779702 eV
   350     -2073.85237061 eV
   351     -2073.92687720 eV
   352     -2073.90576223 eV
   353     -2074.13115445 eV
   354     -2074.35899894 eV
   355     -2074.37136552 eV
   356     -2074.11479161 eV
   357     -2073.94289918 eV
   358     -2081.70679088 eV
   359     -2080.71004789 eV
   360     -2074.76197805 eV
   361     -2090.75454403 eV
   362     -2089.64320730 eV
   363     -2091.36258628 eV
   364     -2093.80165551 eV
   365     -2094.75376339 eV
   366     -2091.16913651 eV
   367     -2074.94662199 eV
   368     -2075.06289489 eV
   369     -2074.91475580 eV
   370     -2076.44901521 eV
   371     -2079.83411418 eV
   372     -2074.84997492 eV
   373     -2079.03639184 eV
   374     -2074.59436346 eV
   375     -2074.09814721 eV
   376     -2074.80431042 eV
   377     -2074.83726185 eV
   378     -2074.74735415 eV
   379     -2074.54645776 eV
   380     -2074.51099822 eV
   381     -2074.42651630 eV
   382     -2091.44049788 eV
   383     -2090.57418321 eV
   384     -2093.02792436 eV
   385     -2083.78671513 eV
   386     -2089.48601246 eV
   387     -2086.42187289 eV
   388     -2075.73899833 eV
   389     -2076.37234069 eV
   390     -2074.85166537 eV
   391     -2097.91309366 eV
   392     -2083.13130912 eV
   393     -2076.78980840 eV
   394     -2074.80255178 eV
   395     -2074.44650524 eV
   396     -2074.30317377 eV
   397     -2076.14708977 eV
   398     -2076.59920476 eV
   399     -2076.59904535 eV
   400     -2076.26767680 eV
   401     -2074.99578640 eV
   402     -2074.60961915 eV
   403     -2074.22767276 eV
   404     -2073.95103621 eV
   405     -2073.84931890 eV
   406     -2074.40500483 eV
   407     -2073.79823326 eV
   408     -2081.22989465 eV
   409     -2075.86267748 eV
   410     -2074.96388243 eV
   411     -2074.14508788 eV
   412     -2074.40096313 eV
   413     -2074.79089193 eV
   414     -2074.40487493 eV
   415     -2074.23145079 eV
   416     -2073.87407836 eV
   417     -2074.52596388 eV
   418     -2074.42746157 eV
   419     -2074.08865366 eV
   420     -2073.92543053 eV
   421     -2074.13742113 eV
   422     -2074.24727316 eV
   423     -2074.44209119 eV
   424     -2074.35202701 eV
   425     -2074.20535211 eV
   426     -2098.09842633 eV
   427     -2087.40629406 eV
   428     -2075.07623082 eV
   429     -2074.18875907 eV
   430     -2073.98746367 eV
   431     -2073.93489189 eV
   432     -2073.85355027 eV
   433     -2073.97464746 eV
   434     -2076.77093941 eV
   435     -2074.34026619 eV
   436     -2074.23568339 eV
   437     -2074.16105410 eV
   438     -2074.21073648 eV
   439     -2074.17979572 eV
   440     -2074.25496457 eV
   441     -2073.84149680 eV
   442     -2073.83934211 eV
   443     -2090.57390420 eV
   444     -2082.92010132 eV
   445     -2078.59543652 eV
   446     -2076.19522918 eV
   447     -2074.61956663 eV
   448     -2074.17952123 eV
   449     -2073.79307709 eV
   450     -2075.25262470 eV
   451     -2074.02929570 eV
   452     -2075.27548123 eV
   453     -2075.05097012 eV
   454     -2075.14261963 eV
   455     -2074.83489829 eV
   456     -2074.75645956 eV
   457     -2074.71341292 eV
   458     -2076.29433768 eV
   459     -2075.92255461 eV
   460     -2075.03657913 eV
   461     -2076.59776580 eV
   462     -2075.26770448 eV
   463     -2075.43638383 eV
   464     -2075.38384931 eV
   465     -2074.27750715 eV
   466     -2074.43228688 eV
   467     -2074.46302315 eV
   468     -2074.17982837 eV
   469     -2074.00964020 eV
   470     -2074.06586164 eV
   471     -2073.99816878 eV
   472     -2074.00919049 eV
   473     -2074.86333979 eV
   474     -2074.94732734 eV
   475     -2074.34621995 eV
   476     -2074.61801219 eV
   477     -2074.25567193 eV
   478     -2075.41888443 eV
   479     -2074.75881108 eV
   480     -2073.99395877 eV
   481     -2074.00820671 eV
   482     -2074.45940111 eV
   483     -2074.02308073 eV
   484     -2074.11917925 eV
   485     -2074.54621182 eV
   486     -2074.00851809 eV
   487     -2073.91536196 eV
   488     -2073.93545142 eV
   489     -2073.91377175 eV
   490     -2073.91673929 eV
   491     -2073.88308856 eV
   492     -2074.40907463 eV
   493     -2074.54971549 eV
   494     -2073.76183227 eV
   495     -2073.78696462 eV
   496     -2073.83920690 eV
   497     -2073.83356567 eV
   498     -2073.88623225 eV
   499     -2073.82297803 eV
   500     -2073.92111683 eV
   501     -2073.82256863 eV
   502     -2073.78893643 eV
   503     -2073.84609263 eV
   504     -2074.09793972 eV
   505     -2075.17966043 eV
   506     -2073.84705439 eV
   507     -2073.81336494 eV
