     1     -12165.51424846 eV
     2     -12160.73014196 eV
     3     -12158.58618865 eV
     4     -12157.79657971 eV
     5     -12157.68758868 eV
     6     -12157.67188892 eV
     7     -12157.66908328 eV
     8     -12157.66873622 eV
     9     -12157.66879825 eV
    10     -12157.66876400 eV
    11     -12157.66875550 eV
    12     -12157.66875001 eV
    13     -12157.66874909 eV
    14     -12157.66874894 eV
    15     -12157.66874856 eV
    16     -12157.66874853 eV
    17     -12157.73836956 eV
    18     -12158.32082845 eV
    19     -12158.30814218 eV
    20     -12158.30516319 eV
    21     -12158.30445829 eV
    22     -12158.30434044 eV
    23     -12158.30429165 eV
    24     -12158.30427944 eV
    25     -12158.30427729 eV
    26     -12158.30427727 eV
    27     -12158.30427690 eV
    28     -12158.30427692 eV
    29     -12158.30427683 eV
    30     -12158.30427683 eV
    31     -12158.37668724 eV
    32     -12158.58001083 eV
    33     -12158.56882343 eV
    34     -12158.56613280 eV
    35     -12158.56516468 eV
    36     -12158.56502085 eV
    37     -12158.56499126 eV
    38     -12158.56498712 eV
    39     -12158.56498555 eV
    40     -12158.56498545 eV
    41     -12158.56498503 eV
    42     -12158.56498505 eV
    43     -12158.56498505 eV
    44     -12158.64429238 eV
    45     -12158.67660883 eV
    46     -12158.67500201 eV
    47     -12158.67436704 eV
    48     -12158.67418889 eV
    49     -12158.67415362 eV
    50     -12158.67413547 eV
    51     -12158.67413681 eV
    52     -12158.67413776 eV
    53     -12158.67413850 eV
    54     -12158.67413852 eV
    55     -12158.67413857 eV
    56     -12158.75576686 eV
    57     -12158.77256487 eV
    58     -12158.77071348 eV
    59     -12158.76988779 eV
    60     -12158.76957815 eV
    61     -12158.76955417 eV
    62     -12158.76955167 eV
    63     -12158.76955417 eV
    64     -12158.76955453 eV
    65     -12158.76955510 eV
    66     -12158.76955515 eV
    67     -12158.76955522 eV
    68     -12158.76955522 eV
    69     -12158.85393263 eV
    70     -12158.83086232 eV
    71     -12158.82999909 eV
    72     -12158.82948984 eV
    73     -12158.82938097 eV
    74     -12158.82936584 eV
    75     -12158.82936522 eV
    76     -12158.82936678 eV
    77     -12158.82936679 eV
    78     -12158.82936707 eV
    79     -12158.82936713 eV
    80     -12158.82936718 eV
    81     -12158.91468694 eV
    82     -12158.92202342 eV
    83     -12158.91967567 eV
    84     -12158.91865033 eV
    85     -12158.91845410 eV
    86     -12158.91843059 eV
    87     -12158.91843334 eV
    88     -12158.91843690 eV
    89     -12158.91843574 eV
    90     -12158.91843625 eV
    91     -12158.91843637 eV
    92     -12158.91843644 eV
    93     -12158.91843644 eV
    94     -12159.00348843 eV
    95     -12158.99053836 eV
    96     -12158.98817815 eV
    97     -12158.98598283 eV
    98     -12158.98593187 eV
    99     -12158.98592922 eV
   100     -12158.98593237 eV
   101     -12158.98593393 eV
   102     -12158.98593459 eV
   103     -12158.98593530 eV
   104     -12158.98593530 eV
   105     -12158.98593534 eV
   106     -12159.07049597 eV
   107     -12159.08025008 eV
   108     -12159.07546284 eV
   109     -12159.07374694 eV
   110     -12159.07323238 eV
   111     -12159.07316851 eV
   112     -12159.07317409 eV
   113     -12159.07317961 eV
   114     -12159.07318047 eV
   115     -12159.07318109 eV
   116     -12159.07318102 eV
   117     -12159.07318122 eV
   118     -12159.07318122 eV
   119     -12159.07318123 eV
   120     -12159.15888016 eV
   121     -12159.12478950 eV
   122     -12159.12429765 eV
   123     -12159.12406331 eV
   124     -12159.12407432 eV
   125     -12159.12405199 eV
   126     -12159.12405888 eV
   127     -12159.12405953 eV
   128     -12159.12405950 eV
   129     -12159.12405949 eV
   130     -12159.12405949 eV
   131     -12159.12405951 eV
   132     -12159.21056850 eV
   133     -12159.20454155 eV
   134     -12159.19956440 eV
   135     -12159.19543218 eV
   136     -12159.19508303 eV
   137     -12159.19505928 eV
   138     -12159.19506056 eV
   139     -12159.19506673 eV
   140     -12159.19506779 eV
   141     -12159.19506847 eV
   142     -12159.19506863 eV
   143     -12159.19506868 eV
   144     -12159.28461970 eV
   145     -12159.27835669 eV
   146     -12159.27636496 eV
   147     -12159.27541053 eV
   148     -12159.27543572 eV
   149     -12159.27542135 eV
   150     -12159.27543288 eV
   151     -12159.27543583 eV
   152     -12159.27543486 eV
   153     -12159.27543433 eV
   154     -12159.27543426 eV
   155     -12159.27543419 eV
   156     -12159.36711463 eV
   157     -12159.36451517 eV
   158     -12159.36101009 eV
   159     -12159.35828027 eV
   160     -12159.35781342 eV
   161     -12159.35777302 eV
   162     -12159.35777004 eV
   163     -12159.35777237 eV
   164     -12159.35777392 eV
   165     -12159.35777429 eV
   166     -12159.35777437 eV
   167     -12159.35777438 eV
   168     -12159.35777439 eV
   169     -12159.45491067 eV
   170     -12159.44400415 eV
   171     -12159.43639447 eV
   172     -12159.43393697 eV
   173     -12159.43264928 eV
   174     -12159.43260216 eV
   175     -12159.43258725 eV
   176     -12159.43258896 eV
   177     -12159.43258777 eV
   178     -12159.43259004 eV
   179     -12159.43259025 eV
   180     -12159.43259027 eV
   181     -12159.43259026 eV
   182     -12159.53674920 eV
   183     -12159.54037357 eV
   184     -12159.53280266 eV
   185     -12159.52945385 eV
   186     -12159.52908498 eV
   187     -12159.52904108 eV
   188     -12159.52901720 eV
   189     -12159.52902213 eV
   190     -12159.52902040 eV
   191     -12159.52901874 eV
   192     -12159.52901856 eV
   193     -12159.52901839 eV
   194     -12159.52901838 eV
   195     -12159.52901838 eV
   196     -12159.63553294 eV
   197     -12159.62620805 eV
   198     -12159.61531380 eV
   199     -12159.61029404 eV
   200     -12159.60889090 eV
   201     -12159.60876661 eV
   202     -12159.60873361 eV
   203     -12159.60873426 eV
   204     -12159.60873414 eV
   205     -12159.60873489 eV
   206     -12159.60873585 eV
   207     -12159.60873583 eV
   208     -12159.71460475 eV
   209     -12159.56926952 eV
   210     -12159.55953844 eV
   211     -12159.55464141 eV
   212     -12159.55449444 eV
   213     -12159.55443689 eV
   214     -12159.55440590 eV
   215     -12159.55441151 eV
   216     -12159.55440859 eV
   217     -12159.55440609 eV
   218     -12159.55440581 eV
   219     -12159.55440552 eV
   220     -12159.55440553 eV
   221     -12159.66126177 eV
   222     -12159.63825661 eV
   223     -12159.63712811 eV
   224     -12159.63676003 eV
   225     -12159.63689437 eV
   226     -12159.63690155 eV
   227     -12159.63689393 eV
   228     -12159.63689519 eV
   229     -12159.63689395 eV
   230     -12159.63689400 eV
   231     -12159.63689379 eV
   232     -12159.63689370 eV
   233     -12159.63689370 eV
   234     -12159.74318008 eV
   235     -12159.69720093 eV
   236     -12159.69375382 eV
   237     -12159.69191415 eV
   238     -12159.69158915 eV
   239     -12159.69155946 eV
   240     -12159.69154632 eV
   241     -12159.69155095 eV
   242     -12159.69155098 eV
   243     -12159.69155133 eV
   244     -12159.69155124 eV
   245     -12159.69155120 eV
   246     -12159.69155121 eV
   247     -12159.69155122 eV
   248     -12159.79555192 eV
   249     -12159.75580669 eV
   250     -12159.75072524 eV
   251     -12159.74997830 eV
   252     -12159.74950261 eV
   253     -12159.74949652 eV
   254     -12159.74948602 eV
   255     -12159.74948723 eV
   256     -12159.74948771 eV
   257     -12159.74948760 eV
   258     -12159.74948794 eV
   259     -12159.74948796 eV
   260     -12159.85251209 eV
   261     -12159.79564851 eV
   262     -12159.79082359 eV
   263     -12159.78803048 eV
   264     -12159.78760295 eV
   265     -12159.78758278 eV
   266     -12159.78758160 eV
   267     -12159.78758163 eV
   268     -12159.78758189 eV
   269     -12159.78758294 eV
   270     -12159.78758288 eV
   271     -12159.78758302 eV
   272     -12159.89054169 eV
   273     -12159.81973566 eV
   274     -12159.81694818 eV
   275     -12159.81637277 eV
   276     -12159.81660523 eV
   277     -12159.81671872 eV
   278     -12159.81671675 eV
   279     -12159.81671817 eV
   280     -12159.81671637 eV
   281     -12159.81671647 eV
   282     -12159.81671623 eV
   283     -12159.81671618 eV
   284     -12159.91988553 eV
   285     -12159.84688088 eV
   286     -12159.84253742 eV
   287     -12159.84160890 eV
   288     -12159.84093573 eV
   289     -12159.84085834 eV
   290     -12159.84085054 eV
   291     -12159.84085234 eV
   292     -12159.84085156 eV
   293     -12159.84085178 eV
   294     -12159.84085242 eV
   295     -12159.84085246 eV
   296     -12159.84085246 eV
   297     -12159.84085246 eV
   298     -12159.94363670 eV
   299     -12159.85526710 eV
   300     -12159.85366220 eV
   301     -12159.85335550 eV
   302     -12159.85336529 eV
   303     -12159.85339334 eV
   304     -12159.85339902 eV
   305     -12159.85339850 eV
   306     -12159.85339758 eV
   307     -12159.85339762 eV
   308     -12159.85339753 eV
   309     -12159.85339758 eV
   310     -12159.95678445 eV
   311     -12159.86682505 eV
   312     -12159.86572007 eV
   313     -12159.86518655 eV
   314     -12159.86509412 eV
   315     -12159.86510126 eV
   316     -12159.86510869 eV
   317     -12159.86511215 eV
   318     -12159.86511193 eV
   319     -12159.86511212 eV
   320     -12159.86511198 eV
   321     -12159.96811039 eV
   322     -12159.87648954 eV
   323     -12159.87631944 eV
   324     -12159.87627248 eV
   325     -12159.87626330 eV
   326     -12159.87625756 eV
   327     -12159.87625162 eV
   328     -12159.87625154 eV
   329     -12159.87625145 eV
   330     -12159.87625162 eV
   331     -12159.97924702 eV
   332     -12159.88678402 eV
   333     -12159.88665480 eV
   334     -12159.88660509 eV
   335     -12159.88657101 eV
   336     -12159.88656594 eV
   337     -12159.88656651 eV
   338     -12159.88656648 eV
   339     -12159.88656637 eV
   340     -12159.88656636 eV
   341     -12159.98933620 eV
   342     -12159.90105147 eV
   343     -12159.90091216 eV
   344     -12159.90084556 eV
   345     -12159.90085113 eV
   346     -12159.90084937 eV
   347     -12159.90085210 eV
   348     -12159.90085270 eV
   349     -12159.90085208 eV
   350     -12159.90085214 eV
   351     -12159.90085228 eV
   352     -12159.90085228 eV
   353     -12160.00312163 eV
   354     -12159.90874400 eV
   355     -12159.90820232 eV
   356     -12159.90782825 eV
   357     -12159.90765362 eV
   358     -12159.90764939 eV
   359     -12159.90764915 eV
   360     -12159.90764747 eV
   361     -12159.90764736 eV
   362     -12159.90764777 eV
   363     -12159.90764788 eV
   364     -12160.00879182 eV
   365     -12159.91198094 eV
   366     -12159.91195885 eV
   367     -12159.91204454 eV
   368     -12159.91205455 eV
   369     -12159.91205185 eV
   370     -12159.91205402 eV
   371     -12159.91205448 eV
   372     -12159.91205416 eV
   373     -12159.91205408 eV
   374     -12159.91205403 eV
   375     -12160.01339695 eV
   376     -12159.91487612 eV
   377     -12159.91487610 eV
   378     -12159.91489594 eV
   379     -12159.91490416 eV
   380     -12159.91490405 eV
   381     -12159.91490365 eV
   382     -12159.91490389 eV
   383     -12159.91490387 eV
   384     -12159.91490384 eV
   385     -12159.91490383 eV
   386     -12160.01616239 eV
   387     -12159.92342004 eV
   388     -12159.92332805 eV
   389     -12159.92331204 eV
   390     -12159.92329268 eV
   391     -12159.92328862 eV
   392     -12159.92328949 eV
   393     -12159.92328961 eV
   394     -12159.92328945 eV
   395     -12159.92328954 eV
   396     -12159.92328952 eV
   397     -12160.02393478 eV
   398     -12159.94752807 eV
   399     -12159.94608684 eV
   400     -12159.94582195 eV
   401     -12159.94563230 eV
   402     -12159.94561668 eV
   403     -12159.94561919 eV
   404     -12159.94562051 eV
   405     -12159.94561938 eV
   406     -12159.94561962 eV
   407     -12159.94561960 eV
   408     -12159.94561965 eV
   409     -12159.94561964 eV
   410     -12160.04387685 eV
   411     -12159.95656485 eV
   412     -12159.95619040 eV
   413     -12159.95612042 eV
   414     -12159.95606877 eV
   415     -12159.95606247 eV
   416     -12159.95606514 eV
   417     -12159.95606516 eV
   418     -12159.95606466 eV
   419     -12159.95606484 eV
   420     -12159.95606477 eV
   421     -12160.05288501 eV
   422     -12159.97073391 eV
   423     -12159.96980380 eV
   424     -12159.96958576 eV
   425     -12159.96948391 eV
   426     -12159.96947569 eV
   427     -12159.96948160 eV
   428     -12159.96948188 eV
   429     -12159.96948063 eV
   430     -12159.96948085 eV
   431     -12159.96948070 eV
   432     -12159.96948078 eV
   433     -12159.96948078 eV
   434     -12160.06378644 eV
   435     -12159.97369422 eV
   436     -12159.97360332 eV
   437     -12159.97358861 eV
   438     -12159.97359420 eV
   439     -12159.97359732 eV
   440     -12159.97359996 eV
   441     -12159.97360002 eV
   442     -12159.97359969 eV
   443     -12159.97359953 eV
   444     -12159.97359961 eV
   445     -12160.06692869 eV
   446     -12159.97601046 eV
   447     -12159.97576048 eV
   448     -12159.97563314 eV
   449     -12159.97556092 eV
   450     -12159.97556471 eV
   451     -12159.97556878 eV
   452     -12159.97556762 eV
   453     -12159.97556710 eV
   454     -12159.97556731 eV
   455     -12159.97556733 eV
   456     -12160.06749460 eV
   457     -12159.97700817 eV
   458     -12159.97697005 eV
   459     -12159.97698186 eV
   460     -12159.97701015 eV
   461     -12159.97701288 eV
   462     -12159.97701111 eV
   463     -12159.97701139 eV
   464     -12159.97701130 eV
   465     -12159.97701129 eV
   466     -12160.06901308 eV
   467     -12159.97768729 eV
   468     -12159.97767882 eV
   469     -12159.97767268 eV
   470     -12159.97766205 eV
   471     -12159.97766327 eV
   472     -12159.97766267 eV
   473     -12159.97766252 eV
   474     -12159.97766252 eV
   475     -12159.97766255 eV
   476     -12160.06943583 eV
   477     -12159.97876212 eV
   478     -12159.97870048 eV
   479     -12159.97868985 eV
   480     -12159.97868022 eV
   481     -12159.97867870 eV
   482     -12159.97867940 eV
   483     -12159.97867899 eV
   484     -12159.97867865 eV
   485     -12159.97867871 eV
   486     -12160.06966008 eV
   487     -12159.97924798 eV
   488     -12159.97919340 eV
   489     -12159.97918122 eV
   490     -12159.97916968 eV
   491     -12159.97916801 eV
   492     -12159.97916953 eV
   493     -12159.97916900 eV
   494     -12159.97916869 eV
   495     -12159.97916877 eV
   496     -12160.06930558 eV
   497     -12159.97935343 eV
   498     -12159.97919289 eV
   499     -12159.97914800 eV
   500     -12159.97911657 eV
   501     -12159.97911441 eV
   502     -12159.97911664 eV
   503     -12159.97911577 eV
   504     -12159.97911524 eV
   505     -12159.97911538 eV
   506     -12159.97911537 eV
   507     -12160.06881912 eV
   508     -12159.97975692 eV
   509     -12159.97975723 eV
   510     -12159.97976380 eV
   511     -12159.97977348 eV
   512     -12159.97977311 eV
   513     -12159.97977303 eV
   514     -12159.97977320 eV
   515     -12159.97977296 eV
   516     -12160.06910264 eV
   517     -12159.98001660 eV
   518     -12159.97991438 eV
   519     -12159.97989657 eV
   520     -12159.97989082 eV
   521     -12159.97989020 eV
   522     -12159.97989120 eV
   523     -12159.97989084 eV
   524     -12159.97989051 eV
   525     -12159.97989031 eV
   526     -12160.06852926 eV
   527     -12159.98076297 eV
   528     -12159.98076929 eV
   529     -12159.98078063 eV
   530     -12159.98078009 eV
   531     -12159.98078119 eV
   532     -12159.98078166 eV
   533     -12159.98078174 eV
   534     -12159.98078167 eV
   535     -12160.06906121 eV
   536     -12159.98090991 eV
   537     -12159.98090972 eV
   538     -12159.98091732 eV
   539     -12159.98091422 eV
   540     -12159.98091454 eV
   541     -12159.98091597 eV
   542     -12159.98091592 eV
   543     -12159.98091575 eV
   544     -12159.98091576 eV
   545     -12159.98091575 eV
   546     -12160.06897493 eV
   547     -12159.98211881 eV
   548     -12159.98209988 eV
   549     -12159.98209346 eV
   550     -12159.98208761 eV
   551     -12159.98208913 eV
   552     -12159.98208927 eV
   553     -12159.98208948 eV
   554     -12159.98208932 eV
   555     -12160.06973874 eV
   556     -12159.98370519 eV
   557     -12159.98366513 eV
   558     -12159.98363643 eV
   559     -12159.98361644 eV
   560     -12159.98362073 eV
   561     -12159.98362143 eV
   562     -12159.98362082 eV
   563     -12159.98362073 eV
   564     -12160.07034821 eV
   565     -12159.98662069 eV
   566     -12159.98658347 eV
   567     -12159.98656123 eV
   568     -12159.98655485 eV
   569     -12159.98655637 eV
   570     -12159.98655781 eV
   571     -12159.98655769 eV
   572     -12159.98655737 eV
   573     -12159.98655745 eV
   574     -12160.07215846 eV
   575     -12159.98954386 eV
   576     -12159.98936915 eV
   577     -12159.98925712 eV
   578     -12159.98918632 eV
   579     -12159.98919438 eV
   580     -12159.98919452 eV
   581     -12159.98919356 eV
   582     -12159.98919337 eV
   583     -12159.98919350 eV
   584     -12159.98919352 eV
   585     -12160.07325782 eV
   586     -12159.99081865 eV
   587     -12159.99082562 eV
   588     -12159.99084467 eV
   589     -12159.99085888 eV
   590     -12159.99085829 eV
   591     -12159.99085751 eV
   592     -12159.99085779 eV
   593     -12159.99085765 eV
   594     -12159.99085762 eV
   595     -12159.99085761 eV
   596     -12160.07444950 eV
   597     -12159.99433374 eV
   598     -12159.99425205 eV
   599     -12159.99419974 eV
   600     -12159.99417814 eV
   601     -12159.99417858 eV
   602     -12159.99417851 eV
   603     -12159.99417757 eV
   604     -12159.99417748 eV
   605     -12159.99417759 eV
   606     -12159.99417756 eV
   607     -12160.07641542 eV
   608     -12159.99606561 eV
   609     -12159.99603706 eV
   610     -12159.99601900 eV
   611     -12159.99600656 eV
   612     -12159.99600541 eV
   613     -12159.99600547 eV
   614     -12159.99600493 eV
   615     -12159.99600478 eV
   616     -12160.07743182 eV
   617     -12159.99739693 eV
   618     -12159.99738665 eV
